2026-02-19 06:09:06.423+0000 [id=3]	INFO	winstone.Logger#logInternal: Beginning extraction from war file
2026-02-19 06:09:07.461+0000 [id=3]	WARNING	o.e.j.ee9.nested.ContextHandler#setContextPath: Empty contextPath
2026-02-19 06:09:07.508+0000 [id=3]	INFO	org.eclipse.jetty.server.Server#doStart: jetty-12.1.5; built: 2025-12-03T22:18:24.732Z; git: 4905d09d7b6801e792d7b73946cf7b66e4be25d6; jvm 25.0.2+10-LTS-69
2026-02-19 06:09:07.946+0000 [id=3]	INFO	o.e.j.e.w.StandardDescriptorProcessor#visitServlet: NO JSP Support for /, did not find org.eclipse.jetty.ee9.jsp.JettyJspServlet
2026-02-19 06:09:07.983+0000 [id=3]	INFO	o.e.j.s.DefaultSessionIdManager#doStart: Session workerName=node0
WARNING: A terminally deprecated method in sun.misc.Unsafe has been called
WARNING: sun.misc.Unsafe::objectFieldOffset has been called by com.thoughtworks.xstream.converters.reflection.SunUnsafeReflectionProvider (file:/C:/ProgramData/Jenkins/war/WEB-INF/lib/xstream-1.4.21.jar)
WARNING: Please consider reporting this to the maintainers of class com.thoughtworks.xstream.converters.reflection.SunUnsafeReflectionProvider
WARNING: sun.misc.Unsafe::objectFieldOffset will be removed in a future release
2026-02-19 06:09:08.292+0000 [id=3]	INFO	hudson.WebAppMain#contextInitialized: Jenkins home directory: C:\ProgramData\Jenkins\.jenkins found at: EnvVars.masterEnvVars.get("JENKINS_HOME")
2026-02-19 06:09:08.352+0000 [id=3]	INFO	o.e.j.s.handler.ContextHandler#doStart: Started oeje9n.ContextHandler$CoreContextHandler@2d746ce4{Jenkins v2.541.2,/,b=file:///C:/ProgramData/Jenkins/war/,a=AVAILABLE,h=oeje9n.ContextHandler$CoreContextHandler$CoreToNestedHandler@5dbf5634{STARTED}}
2026-02-19 06:09:08.372+0000 [id=3]	INFO	o.e.j.server.AbstractConnector#doStart: Started oejs.ServerConnector@2b4786dd{HTTP/1.1, (http/1.1)}{0.0.0.0:8080}
2026-02-19 06:09:08.372+0000 [id=3]	INFO	org.eclipse.jetty.server.Server#doStart: Started oejs.Server@f202d6d{STARTING}[12.1.5,sto=0] @867ms
2026-02-19 06:09:08.373+0000 [id=46]	INFO	winstone.Logger#logInternal: Winstone Servlet Engine running: controlPort=disabled
2026-02-19 06:09:08.455+0000 [id=45]	INFO	jenkins.model.Jenkins#<init>: Starting version 2.541.2
2026-02-19 06:09:08.541+0000 [id=57]	INFO	jenkins.InitReactorRunner$1#onAttained: Started initialization
2026-02-19 06:09:08.544+0000 [id=78]	INFO	jenkins.InitReactorRunner$1#onAttained: Listed all plugins
2026-02-19 06:09:09.107+0000 [id=73]	INFO	jenkins.InitReactorRunner$1#onAttained: Prepared all plugins
2026-02-19 06:09:09.111+0000 [id=65]	INFO	jenkins.InitReactorRunner$1#onAttained: Started all plugins
2026-02-19 06:09:09.112+0000 [id=65]	INFO	jenkins.InitReactorRunner$1#onAttained: Augmented all extensions
2026-02-19 06:09:09.242+0000 [id=57]	INFO	jenkins.InitReactorRunner$1#onAttained: System config loaded
2026-02-19 06:09:09.243+0000 [id=76]	INFO	jenkins.InitReactorRunner$1#onAttained: System config adapted
2026-02-19 06:09:09.244+0000 [id=76]	INFO	jenkins.InitReactorRunner$1#onAttained: Loaded all jobs
2026-02-19 06:09:09.245+0000 [id=76]	INFO	jenkins.InitReactorRunner$1#onAttained: Configuration for all jobs updated
2026-02-19 06:09:09.271+0000 [id=92]	INFO	hudson.util.Retrier#start: Attempt #1 to do the action check updates server
2026-02-19 06:09:09.477+0000 [id=67]	INFO	jenkins.install.SetupWizard#init: 
[CRLF]> 
[CRLF]> *************************************************************
[CRLF]> *************************************************************
[CRLF]> *************************************************************
[CRLF]> 
[CRLF]> Jenkins initial setup is required. An admin user has been created and a password generated.
[CRLF]> Please use the following password to proceed to installation:
[CRLF]> 
[CRLF]> 491b95a8ea144f15a8e30d589ed3e527
[CRLF]> 
[CRLF]> This may also be found at: C:\ProgramData\Jenkins\.jenkins\secrets\initialAdminPassword
[CRLF]> 
[CRLF]> *************************************************************
[CRLF]> *************************************************************
[CRLF]> *************************************************************

2026-02-19 06:09:29.621+0000 [id=66]	INFO	jenkins.InitReactorRunner$1#onAttained: Completed initialization
2026-02-19 06:09:29.636+0000 [id=45]	INFO	hudson.lifecycle.Lifecycle#onReady: Jenkins is fully up and running
2026-02-19 06:09:31.421+0000 [id=92]	INFO	h.m.DownloadService$Downloadable#load: Obtained the updated data file for hudson.tasks.Maven.MavenInstaller
2026-02-19 06:09:31.422+0000 [id=92]	INFO	hudson.util.Retrier#start: Performed the action check updates server successfully at the attempt #1
WARNING: A restricted method in java.lang.System has been called
WARNING: java.lang.System::load has been called by com.sun.jna.Native in an unnamed module (file:/C:/ProgramData/Jenkins/war/WEB-INF/lib/jna-5.18.1.jar)
WARNING: Use --enable-native-access=ALL-UNNAMED to avoid a warning for callers in this module
WARNING: Restricted methods will be blocked in a future release unless native access is enabled

2026-02-19 06:16:25.289+0000 [id=122]	INFO	hudson.PluginManager#install: Starting installation of a batch of 19 plugins plus their dependencies
2026-02-19 06:16:25.291+0000 [id=122]	INFO	hudson.model.UpdateSite$Plugin#deploy: Adding dependent install of ionicons-api for plugin cloudbees-folder
2026-02-19 06:16:25.292+0000 [id=122]	INFO	hudson.model.UpdateSite$Plugin#deploy: Adding dependent install of commons-lang3-api for plugin ionicons-api
2026-02-19 06:16:25.295+0000 [id=122]	INFO	hudson.model.UpdateSite$Plugin#deploy: Adding dependent install of json-path-api for plugin build-timeout
2026-02-19 06:16:25.295+0000 [id=138]	INFO	h.model.UpdateCenter$DownloadJob#run: Starting the installation of commons-lang3-api on behalf of admin
2026-02-19 06:16:25.295+0000 [id=122]	INFO	hudson.model.UpdateSite$Plugin#deploy: Adding dependent install of asm-api for plugin json-path-api
2026-02-19 06:16:25.296+0000 [id=122]	INFO	hudson.model.UpdateSite$Plugin#deploy: Adding dependent install of token-macro for plugin build-timeout
2026-02-19 06:16:25.297+0000 [id=122]	INFO	hudson.model.UpdateSite$Plugin#deploy: Adding dependent install of workflow-step-api for plugin token-macro
2026-02-19 06:16:25.298+0000 [id=122]	INFO	hudson.model.UpdateSite$Plugin#deploy: Adding dependent install of structs for plugin workflow-step-api
2026-02-19 06:16:25.298+0000 [id=122]	INFO	hudson.model.UpdateSite$Plugin#deploy: Adding dependent install of commons-text-api for plugin token-macro
2026-02-19 06:16:25.299+0000 [id=122]	INFO	hudson.model.UpdateSite$Plugin#deploy: Adding dependent install of plain-credentials for plugin credentials-binding
2026-02-19 06:16:25.300+0000 [id=122]	INFO	hudson.model.UpdateSite$Plugin#deploy: Adding dependent install of credentials for plugin plain-credentials
2026-02-19 06:16:25.301+0000 [id=122]	INFO	hudson.model.UpdateSite$Plugin#deploy: Adding dependent install of bouncycastle-api for plugin credentials
2026-02-19 06:16:25.301+0000 [id=122]	INFO	hudson.model.UpdateSite$Plugin#deploy: Adding dependent install of ssh-credentials for plugin credentials-binding
2026-02-19 06:16:25.302+0000 [id=122]	INFO	hudson.model.UpdateSite$Plugin#deploy: Adding dependent install of variant for plugin ssh-credentials
2026-02-19 06:16:25.303+0000 [id=122]	INFO	hudson.model.UpdateSite$Plugin#deploy: Adding dependent install of workflow-api for plugin timestamper
2026-02-19 06:16:25.304+0000 [id=122]	INFO	hudson.model.UpdateSite$Plugin#deploy: Adding dependent install of scm-api for plugin workflow-api
2026-02-19 06:16:25.304+0000 [id=138]	INFO	h.m.UpdateCenter$UpdateCenterConfiguration#download: Downloading commons-lang3-api
2026-02-19 06:16:25.305+0000 [id=122]	INFO	hudson.model.UpdateSite$Plugin#deploy: Adding dependent install of matrix-project for plugin ws-cleanup
2026-02-19 06:16:25.307+0000 [id=122]	INFO	hudson.model.UpdateSite$Plugin#deploy: Adding dependent install of script-security for plugin matrix-project
2026-02-19 06:16:25.307+0000 [id=122]	INFO	hudson.model.UpdateSite$Plugin#deploy: Adding dependent install of caffeine-api for plugin script-security
2026-02-19 06:16:25.308+0000 [id=122]	INFO	hudson.model.UpdateSite$Plugin#deploy: Adding dependent install of junit for plugin matrix-project
2026-02-19 06:16:25.309+0000 [id=122]	INFO	hudson.model.UpdateSite$Plugin#deploy: Adding dependent install of jackson2-api for plugin junit
2026-02-19 06:16:25.310+0000 [id=122]	INFO	hudson.model.UpdateSite$Plugin#deploy: Adding dependent install of jaxb for plugin jackson2-api
2026-02-19 06:16:25.310+0000 [id=122]	INFO	hudson.model.UpdateSite$Plugin#deploy: Adding dependent install of javax-activation-api for plugin jaxb
2026-02-19 06:16:25.311+0000 [id=122]	INFO	hudson.model.UpdateSite$Plugin#deploy: Adding dependent install of snakeyaml-api for plugin jackson2-api
2026-02-19 06:16:25.311+0000 [id=122]	INFO	hudson.model.UpdateSite$Plugin#deploy: Adding dependent install of jakarta-xml-bind-api for plugin jackson2-api
2026-02-19 06:16:25.311+0000 [id=122]	INFO	hudson.model.UpdateSite$Plugin#deploy: Adding dependent install of jakarta-activation-api for plugin jakarta-xml-bind-api
2026-02-19 06:16:25.311+0000 [id=122]	INFO	hudson.model.UpdateSite$Plugin#deploy: Adding dependent install of json-api for plugin jackson2-api
2026-02-19 06:16:25.312+0000 [id=122]	INFO	hudson.model.UpdateSite$Plugin#deploy: Adding dependent install of bootstrap5-api for plugin junit
2026-02-19 06:16:25.312+0000 [id=122]	INFO	hudson.model.UpdateSite$Plugin#deploy: Adding dependent install of font-awesome-api for plugin bootstrap5-api
2026-02-19 06:16:25.313+0000 [id=122]	INFO	hudson.model.UpdateSite$Plugin#deploy: Adding dependent install of plugin-util-api for plugin font-awesome-api
2026-02-19 06:16:25.313+0000 [id=122]	INFO	hudson.model.UpdateSite$Plugin#deploy: Adding dependent install of workflow-support for plugin plugin-util-api
2026-02-19 06:16:25.314+0000 [id=122]	INFO	hudson.model.UpdateSite$Plugin#deploy: Adding dependent install of echarts-api for plugin junit
2026-02-19 06:16:25.314+0000 [id=122]	INFO	hudson.model.UpdateSite$Plugin#deploy: Adding dependent install of jquery3-api for plugin echarts-api
2026-02-19 06:16:25.315+0000 [id=122]	INFO	hudson.model.UpdateSite$Plugin#deploy: Adding dependent install of prism-api for plugin junit
2026-02-19 06:16:25.316+0000 [id=122]	INFO	hudson.model.UpdateSite$Plugin#deploy: Adding dependent install of display-url-api for plugin junit
2026-02-19 06:16:25.316+0000 [id=122]	INFO	hudson.model.UpdateSite$Plugin#deploy: Adding dependent install of checks-api for plugin junit
2026-02-19 06:16:25.316+0000 [id=122]	INFO	hudson.model.UpdateSite$Plugin#deploy: Adding dependent install of resource-disposer for plugin ws-cleanup
2026-02-19 06:16:25.317+0000 [id=122]	INFO	hudson.model.UpdateSite$Plugin#deploy: Adding dependent install of okhttp-api for plugin gradle
2026-02-19 06:16:25.317+0000 [id=122]	INFO	hudson.model.UpdateSite$Plugin#deploy: Adding dependent install of apache-httpcomponents-client-4-api for plugin gradle
2026-02-19 06:16:25.318+0000 [id=122]	INFO	hudson.model.UpdateSite$Plugin#deploy: Adding dependent install of workflow-job for plugin gradle
2026-02-19 06:16:25.318+0000 [id=122]	INFO	hudson.model.UpdateSite$Plugin#deploy: Adding dependent install of pipeline-milestone-step for plugin workflow-aggregator
2026-02-19 06:16:25.319+0000 [id=122]	INFO	hudson.model.UpdateSite$Plugin#deploy: Adding dependent install of workflow-durable-task-step for plugin workflow-aggregator
2026-02-19 06:16:25.319+0000 [id=122]	INFO	hudson.model.UpdateSite$Plugin#deploy: Adding dependent install of durable-task for plugin workflow-durable-task-step
2026-02-19 06:16:25.320+0000 [id=122]	INFO	hudson.model.UpdateSite$Plugin#deploy: Adding dependent install of pipeline-build-step for plugin workflow-aggregator
2026-02-19 06:16:25.321+0000 [id=122]	INFO	hudson.model.UpdateSite$Plugin#deploy: Adding dependent install of pipeline-groovy-lib for plugin workflow-aggregator
2026-02-19 06:16:25.321+0000 [id=122]	INFO	hudson.model.UpdateSite$Plugin#deploy: Adding dependent install of workflow-scm-step for plugin pipeline-groovy-lib
2026-02-19 06:16:25.322+0000 [id=122]	INFO	hudson.model.UpdateSite$Plugin#deploy: Adding dependent install of workflow-cps for plugin pipeline-groovy-lib
2026-02-19 06:16:25.322+0000 [id=122]	INFO	hudson.model.UpdateSite$Plugin#deploy: Adding dependent install of pipeline-model-definition for plugin workflow-aggregator
2026-02-19 06:16:25.323+0000 [id=122]	INFO	hudson.model.UpdateSite$Plugin#deploy: Adding dependent install of pipeline-model-extensions for plugin pipeline-model-definition
2026-02-19 06:16:25.324+0000 [id=122]	INFO	hudson.model.UpdateSite$Plugin#deploy: Adding dependent install of pipeline-model-api for plugin pipeline-model-extensions
2026-02-19 06:16:25.324+0000 [id=122]	INFO	hudson.model.UpdateSite$Plugin#deploy: Adding dependent install of joda-time-api for plugin pipeline-model-api
2026-02-19 06:16:25.324+0000 [id=122]	INFO	hudson.model.UpdateSite$Plugin#deploy: Adding dependent install of pipeline-stage-step for plugin pipeline-model-extensions
2026-02-19 06:16:25.325+0000 [id=122]	INFO	hudson.model.UpdateSite$Plugin#deploy: Adding dependent install of mailer for plugin pipeline-model-definition
2026-02-19 06:16:25.325+0000 [id=122]	INFO	hudson.model.UpdateSite$Plugin#deploy: Adding dependent install of jakarta-mail-api for plugin mailer
2026-02-19 06:16:25.325+0000 [id=122]	INFO	hudson.model.UpdateSite$Plugin#deploy: Adding dependent install of instance-identity for plugin mailer
2026-02-19 06:16:25.326+0000 [id=122]	INFO	hudson.model.UpdateSite$Plugin#deploy: Adding dependent install of workflow-multibranch for plugin pipeline-model-definition
2026-02-19 06:16:25.326+0000 [id=122]	INFO	hudson.model.UpdateSite$Plugin#deploy: Adding dependent install of branch-api for plugin workflow-multibranch
2026-02-19 06:16:25.327+0000 [id=122]	INFO	hudson.model.UpdateSite$Plugin#deploy: Adding dependent install of pipeline-stage-tags-metadata for plugin pipeline-model-definition
2026-02-19 06:16:25.327+0000 [id=122]	INFO	hudson.model.UpdateSite$Plugin#deploy: Adding dependent install of pipeline-input-step for plugin pipeline-model-definition
2026-02-19 06:16:25.327+0000 [id=122]	INFO	hudson.model.UpdateSite$Plugin#deploy: Adding dependent install of workflow-basic-steps for plugin pipeline-model-definition
2026-02-19 06:16:25.328+0000 [id=122]	INFO	hudson.model.UpdateSite$Plugin#deploy: Adding dependent install of jjwt-api for plugin github-branch-source
2026-02-19 06:16:25.328+0000 [id=122]	INFO	hudson.model.UpdateSite$Plugin#deploy: Adding dependent install of github-api for plugin github-branch-source
2026-02-19 06:16:25.328+0000 [id=122]	INFO	hudson.model.UpdateSite$Plugin#deploy: Adding dependent install of github for plugin github-branch-source
2026-02-19 06:16:25.329+0000 [id=122]	INFO	hudson.model.UpdateSite$Plugin#deploy: Adding dependent install of git for plugin github
2026-02-19 06:16:25.329+0000 [id=122]	INFO	hudson.model.UpdateSite$Plugin#deploy: Adding dependent install of git-client for plugin git
2026-02-19 06:16:25.329+0000 [id=122]	INFO	hudson.model.UpdateSite$Plugin#deploy: Adding dependent install of mina-sshd-api-core for plugin git-client
2026-02-19 06:16:25.329+0000 [id=122]	INFO	hudson.model.UpdateSite$Plugin#deploy: Adding dependent install of mina-sshd-api-common for plugin mina-sshd-api-core
2026-02-19 06:16:25.330+0000 [id=122]	INFO	hudson.model.UpdateSite$Plugin#deploy: Adding dependent install of gson-api for plugin git-client
2026-02-19 06:16:25.330+0000 [id=122]	INFO	hudson.model.UpdateSite$Plugin#deploy: Adding dependent install of metrics for plugin pipeline-graph-view
2026-02-19 06:16:25.332+0000 [id=122]	INFO	hudson.model.UpdateSite$Plugin#deploy: Adding dependent install of trilead-api for plugin ssh-slaves
2026-02-19 06:16:25.333+0000 [id=122]	INFO	hudson.model.UpdateSite$Plugin#deploy: Adding dependent install of eddsa-api for plugin trilead-api
2026-02-19 06:16:25.334+0000 [id=122]	INFO	hudson.model.UpdateSite$Plugin#deploy: Adding dependent install of jsoup for plugin email-ext
2026-02-19 06:16:25.334+0000 [id=122]	INFO	hudson.model.UpdateSite$Plugin#deploy: Adding dependent install of theme-manager for plugin dark-theme
2026-02-19 06:16:29.801+0000 [id=138]	INFO	h.model.UpdateCenter$DownloadJob#run: Installation successful: commons-lang3-api
2026-02-19 06:16:29.801+0000 [id=138]	INFO	h.model.UpdateCenter$DownloadJob#run: Starting the installation of ionicons-api on behalf of admin
2026-02-19 06:16:29.847+0000 [id=138]	INFO	h.model.UpdateCenter$DownloadJob#run: Installation successful: ionicons-api
2026-02-19 06:16:29.847+0000 [id=138]	INFO	h.model.UpdateCenter$DownloadJob#run: Starting the installation of cloudbees-folder on behalf of admin
2026-02-19 06:16:29.848+0000 [id=138]	INFO	h.m.UpdateCenter$UpdateCenterConfiguration#download: Downloading cloudbees-folder
2026-02-19 06:16:32.348+0000 [id=138]	INFO	h.model.UpdateCenter$DownloadJob#run: Installation successful: cloudbees-folder
2026-02-19 06:16:32.348+0000 [id=138]	INFO	h.model.UpdateCenter$DownloadJob#run: Starting the installation of antisamy-markup-formatter on behalf of admin
2026-02-19 06:16:32.382+0000 [id=138]	INFO	h.model.UpdateCenter$DownloadJob#run: Installation successful: antisamy-markup-formatter
2026-02-19 06:16:32.382+0000 [id=138]	INFO	h.model.UpdateCenter$DownloadJob#run: Starting the installation of asm-api on behalf of admin
2026-02-19 06:16:32.386+0000 [id=138]	INFO	h.m.UpdateCenter$UpdateCenterConfiguration#download: Downloading asm-api
2026-02-19 06:16:35.234+0000 [id=138]	INFO	h.model.UpdateCenter$DownloadJob#run: Installation successful: asm-api
2026-02-19 06:16:35.234+0000 [id=138]	INFO	h.model.UpdateCenter$DownloadJob#run: Starting the installation of json-path-api on behalf of admin
2026-02-19 06:16:35.235+0000 [id=138]	INFO	h.m.UpdateCenter$UpdateCenterConfiguration#download: Downloading json-path-api
2026-02-19 06:16:38.319+0000 [id=138]	INFO	h.model.UpdateCenter$DownloadJob#run: Installation successful: json-path-api
2026-02-19 06:16:38.320+0000 [id=138]	INFO	h.model.UpdateCenter$DownloadJob#run: Starting the installation of structs on behalf of admin
2026-02-19 06:16:38.348+0000 [id=138]	INFO	h.model.UpdateCenter$DownloadJob#run: Installation successful: structs
2026-02-19 06:16:38.349+0000 [id=138]	INFO	h.model.UpdateCenter$DownloadJob#run: Starting the installation of workflow-step-api on behalf of admin
2026-02-19 06:16:38.380+0000 [id=138]	INFO	h.model.UpdateCenter$DownloadJob#run: Installation successful: workflow-step-api
2026-02-19 06:16:38.380+0000 [id=138]	INFO	h.model.UpdateCenter$DownloadJob#run: Starting the installation of commons-text-api on behalf of admin
2026-02-19 06:16:38.382+0000 [id=138]	INFO	h.m.UpdateCenter$UpdateCenterConfiguration#download: Downloading commons-text-api
2026-02-19 06:16:40.695+0000 [id=138]	INFO	h.model.UpdateCenter$DownloadJob#run: Installation successful: commons-text-api
2026-02-19 06:16:40.695+0000 [id=138]	INFO	h.model.UpdateCenter$DownloadJob#run: Starting the installation of token-macro on behalf of admin
2026-02-19 06:16:40.696+0000 [id=138]	INFO	h.m.UpdateCenter$UpdateCenterConfiguration#download: Downloading token-macro
2026-02-19 06:16:42.769+0000 [id=138]	INFO	h.model.UpdateCenter$DownloadJob#run: Installation successful: token-macro
2026-02-19 06:16:42.769+0000 [id=138]	INFO	h.model.UpdateCenter$DownloadJob#run: Starting the installation of build-timeout on behalf of admin
2026-02-19 06:16:42.769+0000 [id=138]	INFO	h.m.UpdateCenter$UpdateCenterConfiguration#download: Downloading build-timeout
2026-02-19 06:16:44.718+0000 [id=138]	INFO	h.model.UpdateCenter$DownloadJob#run: Installation successful: build-timeout
2026-02-19 06:16:44.718+0000 [id=138]	INFO	h.model.UpdateCenter$DownloadJob#run: Starting the installation of bouncycastle-api on behalf of admin
2026-02-19 06:16:45.258+0000 [id=138]	INFO	h.model.UpdateCenter$DownloadJob#run: Installation successful: bouncycastle-api
2026-02-19 06:16:45.258+0000 [id=138]	INFO	h.model.UpdateCenter$DownloadJob#run: Starting the installation of credentials on behalf of admin
2026-02-19 06:16:45.259+0000 [id=138]	INFO	h.m.UpdateCenter$UpdateCenterConfiguration#download: Downloading credentials
2026-02-19 06:16:48.692+0000 [id=138]	INFO	h.model.UpdateCenter$DownloadJob#run: Installation successful: credentials
2026-02-19 06:16:48.693+0000 [id=138]	INFO	h.model.UpdateCenter$DownloadJob#run: Starting the installation of plain-credentials on behalf of admin
2026-02-19 06:16:48.693+0000 [id=138]	INFO	h.m.UpdateCenter$UpdateCenterConfiguration#download: Downloading plain-credentials
2026-02-19 06:16:51.244+0000 [id=138]	INFO	h.model.UpdateCenter$DownloadJob#run: Installation successful: plain-credentials
2026-02-19 06:16:51.244+0000 [id=138]	INFO	h.model.UpdateCenter$DownloadJob#run: Starting the installation of variant on behalf of admin
2026-02-19 06:16:51.244+0000 [id=138]	INFO	h.m.UpdateCenter$UpdateCenterConfiguration#download: Downloading variant
2026-02-19 06:16:52.790+0000 [id=138]	INFO	h.model.UpdateCenter$DownloadJob#run: Installation successful: variant
2026-02-19 06:16:52.791+0000 [id=138]	INFO	h.model.UpdateCenter$DownloadJob#run: Starting the installation of ssh-credentials on behalf of admin
2026-02-19 06:16:52.791+0000 [id=138]	INFO	h.m.UpdateCenter$UpdateCenterConfiguration#download: Downloading ssh-credentials
2026-02-19 06:16:54.585+0000 [id=138]	INFO	h.model.UpdateCenter$DownloadJob#run: Installation successful: ssh-credentials
2026-02-19 06:16:54.585+0000 [id=138]	INFO	h.model.UpdateCenter$DownloadJob#run: Starting the installation of credentials-binding on behalf of admin
2026-02-19 06:16:54.586+0000 [id=138]	INFO	h.m.UpdateCenter$UpdateCenterConfiguration#download: Downloading credentials-binding
2026-02-19 06:16:57.610+0000 [id=138]	INFO	h.model.UpdateCenter$DownloadJob#run: Installation successful: credentials-binding
2026-02-19 06:16:57.610+0000 [id=138]	INFO	h.model.UpdateCenter$DownloadJob#run: Starting the installation of scm-api on behalf of admin
2026-02-19 06:16:57.612+0000 [id=138]	INFO	h.m.UpdateCenter$UpdateCenterConfiguration#download: Downloading scm-api
2026-02-19 06:17:00.716+0000 [id=138]	INFO	h.model.UpdateCenter$DownloadJob#run: Installation successful: scm-api
2026-02-19 06:17:00.716+0000 [id=138]	INFO	h.model.UpdateCenter$DownloadJob#run: Starting the installation of workflow-api on behalf of admin
2026-02-19 06:17:00.744+0000 [id=138]	INFO	h.model.UpdateCenter$DownloadJob#run: Installation successful: workflow-api
2026-02-19 06:17:00.744+0000 [id=138]	INFO	h.model.UpdateCenter$DownloadJob#run: Starting the installation of timestamper on behalf of admin
2026-02-19 06:17:00.745+0000 [id=138]	INFO	h.m.UpdateCenter$UpdateCenterConfiguration#download: Downloading timestamper
2026-02-19 06:17:02.567+0000 [id=138]	INFO	h.model.UpdateCenter$DownloadJob#run: Installation successful: timestamper
2026-02-19 06:17:02.567+0000 [id=138]	INFO	h.model.UpdateCenter$DownloadJob#run: Starting the installation of caffeine-api on behalf of admin
2026-02-19 06:17:02.604+0000 [id=138]	INFO	h.model.UpdateCenter$DownloadJob#run: Installation successful: caffeine-api
2026-02-19 06:17:02.605+0000 [id=138]	INFO	h.model.UpdateCenter$DownloadJob#run: Starting the installation of script-security on behalf of admin
2026-02-19 06:17:02.607+0000 [id=138]	INFO	h.m.UpdateCenter$UpdateCenterConfiguration#download: Downloading script-security
2026-02-19 06:17:05.041+0000 [id=138]	INFO	h.model.UpdateCenter$DownloadJob#run: Installation successful: script-security
2026-02-19 06:17:05.042+0000 [id=138]	INFO	h.model.UpdateCenter$DownloadJob#run: Starting the installation of javax-activation-api on behalf of admin
2026-02-19 06:17:05.076+0000 [id=138]	INFO	h.model.UpdateCenter$DownloadJob#run: Installation successful: javax-activation-api
2026-02-19 06:17:05.076+0000 [id=138]	INFO	h.model.UpdateCenter$DownloadJob#run: Starting the installation of jaxb on behalf of admin
2026-02-19 06:17:05.081+0000 [id=138]	INFO	h.m.UpdateCenter$UpdateCenterConfiguration#download: Downloading jaxb
2026-02-19 06:17:10.687+0000 [id=138]	INFO	h.model.UpdateCenter$DownloadJob#run: Installation successful: jaxb
2026-02-19 06:17:10.687+0000 [id=138]	INFO	h.model.UpdateCenter$DownloadJob#run: Starting the installation of snakeyaml-api on behalf of admin
2026-02-19 06:17:10.690+0000 [id=138]	INFO	h.m.UpdateCenter$UpdateCenterConfiguration#download: Downloading snakeyaml-api
2026-02-19 06:17:14.364+0000 [id=138]	INFO	h.model.UpdateCenter$DownloadJob#run: Installation successful: snakeyaml-api
2026-02-19 06:17:14.365+0000 [id=138]	INFO	h.model.UpdateCenter$DownloadJob#run: Starting the installation of jakarta-activation-api on behalf of admin
2026-02-19 06:17:14.391+0000 [id=138]	INFO	h.model.UpdateCenter$DownloadJob#run: Installation successful: jakarta-activation-api
2026-02-19 06:17:14.391+0000 [id=138]	INFO	h.model.UpdateCenter$DownloadJob#run: Starting the installation of jakarta-xml-bind-api on behalf of admin
2026-02-19 06:17:14.396+0000 [id=138]	INFO	h.m.UpdateCenter$UpdateCenterConfiguration#download: Downloading jakarta-xml-bind-api
2026-02-19 06:17:19.870+0000 [id=138]	INFO	h.model.UpdateCenter$DownloadJob#run: Installation successful: jakarta-xml-bind-api
2026-02-19 06:17:19.871+0000 [id=138]	INFO	h.model.UpdateCenter$DownloadJob#run: Starting the installation of json-api on behalf of admin
2026-02-19 06:17:19.873+0000 [id=138]	INFO	h.m.UpdateCenter$UpdateCenterConfiguration#download: Downloading json-api
2026-02-19 06:17:22.594+0000 [id=138]	INFO	h.model.UpdateCenter$DownloadJob#run: Installation successful: json-api
2026-02-19 06:17:22.594+0000 [id=138]	INFO	h.model.UpdateCenter$DownloadJob#run: Starting the installation of jackson2-api on behalf of admin
2026-02-19 06:17:22.781+0000 [id=138]	INFO	h.model.UpdateCenter$DownloadJob#run: Installation successful: jackson2-api
2026-02-19 06:17:22.781+0000 [id=138]	INFO	h.model.UpdateCenter$DownloadJob#run: Starting the installation of workflow-support on behalf of admin
2026-02-19 06:17:22.785+0000 [id=138]	INFO	h.m.UpdateCenter$UpdateCenterConfiguration#download: Downloading workflow-support
2026-02-19 06:17:26.084+0000 [id=138]	INFO	h.model.UpdateCenter$DownloadJob#run: Installation successful: workflow-support
2026-02-19 06:17:26.084+0000 [id=138]	INFO	h.model.UpdateCenter$DownloadJob#run: Starting the installation of plugin-util-api on behalf of admin
2026-02-19 06:17:26.116+0000 [id=138]	INFO	h.model.UpdateCenter$DownloadJob#run: Installation successful: plugin-util-api
2026-02-19 06:17:26.116+0000 [id=138]	INFO	h.model.UpdateCenter$DownloadJob#run: Starting the installation of font-awesome-api on behalf of admin
2026-02-19 06:17:26.171+0000 [id=138]	INFO	h.model.UpdateCenter$DownloadJob#run: Installation successful: font-awesome-api
2026-02-19 06:17:26.173+0000 [id=138]	INFO	h.model.UpdateCenter$DownloadJob#run: Starting the installation of bootstrap5-api on behalf of admin
2026-02-19 06:17:26.281+0000 [id=138]	INFO	h.model.UpdateCenter$DownloadJob#run: Installation successful: bootstrap5-api
2026-02-19 06:17:26.281+0000 [id=138]	INFO	h.model.UpdateCenter$DownloadJob#run: Starting the installation of jquery3-api on behalf of admin
2026-02-19 06:17:26.318+0000 [id=138]	INFO	h.model.UpdateCenter$DownloadJob#run: Installation successful: jquery3-api
2026-02-19 06:17:26.319+0000 [id=138]	INFO	h.model.UpdateCenter$DownloadJob#run: Starting the installation of echarts-api on behalf of admin
2026-02-19 06:17:26.662+0000 [id=138]	INFO	h.model.UpdateCenter$DownloadJob#run: Installation successful: echarts-api
2026-02-19 06:17:26.662+0000 [id=138]	INFO	h.model.UpdateCenter$DownloadJob#run: Starting the installation of prism-api on behalf of admin
2026-02-19 06:17:26.662+0000 [id=138]	INFO	h.m.UpdateCenter$UpdateCenterConfiguration#download: Downloading prism-api
2026-02-19 06:17:32.185+0000 [id=138]	INFO	h.model.UpdateCenter$DownloadJob#run: Installation successful: prism-api
2026-02-19 06:17:32.185+0000 [id=138]	INFO	h.model.UpdateCenter$DownloadJob#run: Starting the installation of display-url-api on behalf of admin
2026-02-19 06:17:32.205+0000 [id=138]	INFO	h.model.UpdateCenter$DownloadJob#run: Installation successful: display-url-api
2026-02-19 06:17:32.205+0000 [id=138]	INFO	h.model.UpdateCenter$DownloadJob#run: Starting the installation of checks-api on behalf of admin
2026-02-19 06:17:32.206+0000 [id=138]	INFO	h.m.UpdateCenter$UpdateCenterConfiguration#download: Downloading checks-api
2026-02-19 06:17:34.245+0000 [id=138]	INFO	h.model.UpdateCenter$DownloadJob#run: Installation successful: checks-api
2026-02-19 06:17:34.245+0000 [id=138]	INFO	h.model.UpdateCenter$DownloadJob#run: Starting the installation of junit on behalf of admin
2026-02-19 06:17:34.248+0000 [id=138]	INFO	h.m.UpdateCenter$UpdateCenterConfiguration#download: Downloading junit
2026-02-19 06:17:37.540+0000 [id=138]	INFO	h.model.UpdateCenter$DownloadJob#run: Installation successful: junit
2026-02-19 06:17:37.540+0000 [id=138]	INFO	h.model.UpdateCenter$DownloadJob#run: Starting the installation of matrix-project on behalf of admin
2026-02-19 06:17:37.611+0000 [id=138]	INFO	h.model.UpdateCenter$DownloadJob#run: Installation successful: matrix-project
2026-02-19 06:17:37.612+0000 [id=138]	INFO	h.model.UpdateCenter$DownloadJob#run: Starting the installation of resource-disposer on behalf of admin
2026-02-19 06:17:37.612+0000 [id=138]	INFO	h.m.UpdateCenter$UpdateCenterConfiguration#download: Downloading resource-disposer
2026-02-19 06:17:39.371+0000 [id=138]	INFO	h.model.UpdateCenter$DownloadJob#run: Installation successful: resource-disposer
2026-02-19 06:17:39.372+0000 [id=138]	INFO	h.model.UpdateCenter$DownloadJob#run: Starting the installation of ws-cleanup on behalf of admin
2026-02-19 06:17:39.372+0000 [id=138]	INFO	h.m.UpdateCenter$UpdateCenterConfiguration#download: Downloading ws-cleanup
2026-02-19 06:17:41.622+0000 [id=138]	INFO	h.model.UpdateCenter$DownloadJob#run: Installation successful: ws-cleanup
2026-02-19 06:17:41.622+0000 [id=138]	INFO	h.model.UpdateCenter$DownloadJob#run: Starting the installation of ant on behalf of admin
2026-02-19 06:17:41.622+0000 [id=138]	INFO	h.m.UpdateCenter$UpdateCenterConfiguration#download: Downloading ant
2026-02-19 06:17:43.490+0000 [id=138]	INFO	h.model.UpdateCenter$DownloadJob#run: Installation successful: ant
2026-02-19 06:17:43.491+0000 [id=138]	INFO	h.model.UpdateCenter$DownloadJob#run: Starting the installation of okhttp-api on behalf of admin
2026-02-19 06:17:43.491+0000 [id=138]	INFO	h.m.UpdateCenter$UpdateCenterConfiguration#download: Downloading okhttp-api
2026-02-19 06:17:55.139+0000 [id=138]	INFO	h.model.UpdateCenter$DownloadJob#run: Installation successful: okhttp-api
2026-02-19 06:17:55.140+0000 [id=138]	INFO	h.model.UpdateCenter$DownloadJob#run: Starting the installation of apache-httpcomponents-client-4-api on behalf of admin
2026-02-19 06:17:55.235+0000 [id=138]	INFO	h.model.UpdateCenter$DownloadJob#run: Installation successful: apache-httpcomponents-client-4-api
2026-02-19 06:17:55.235+0000 [id=138]	INFO	h.model.UpdateCenter$DownloadJob#run: Starting the installation of workflow-job on behalf of admin
2026-02-19 06:17:55.235+0000 [id=138]	INFO	h.m.UpdateCenter$UpdateCenterConfiguration#download: Downloading workflow-job
2026-02-19 06:17:57.449+0000 [id=138]	INFO	h.model.UpdateCenter$DownloadJob#run: Installation successful: workflow-job
2026-02-19 06:17:57.449+0000 [id=138]	INFO	h.model.UpdateCenter$DownloadJob#run: Starting the installation of gradle on behalf of admin
2026-02-19 06:17:57.449+0000 [id=138]	INFO	h.m.UpdateCenter$UpdateCenterConfiguration#download: Downloading gradle
2026-02-19 06:18:03.619+0000 [id=138]	INFO	h.model.UpdateCenter$DownloadJob#run: Installation successful: gradle
2026-02-19 06:18:03.619+0000 [id=138]	INFO	h.model.UpdateCenter$DownloadJob#run: Starting the installation of pipeline-milestone-step on behalf of admin
2026-02-19 06:18:03.619+0000 [id=138]	INFO	h.m.UpdateCenter$UpdateCenterConfiguration#download: Downloading pipeline-milestone-step
2026-02-19 06:18:05.489+0000 [id=138]	INFO	h.model.UpdateCenter$DownloadJob#run: Installation successful: pipeline-milestone-step
2026-02-19 06:18:05.489+0000 [id=138]	INFO	h.model.UpdateCenter$DownloadJob#run: Starting the installation of durable-task on behalf of admin
2026-02-19 06:18:05.489+0000 [id=138]	INFO	h.m.UpdateCenter$UpdateCenterConfiguration#download: Downloading durable-task
2026-02-19 06:18:30.081+0000 [id=138]	INFO	h.model.UpdateCenter$DownloadJob#run: Installation successful: durable-task
2026-02-19 06:18:30.082+0000 [id=138]	INFO	h.model.UpdateCenter$DownloadJob#run: Starting the installation of workflow-durable-task-step on behalf of admin
2026-02-19 06:18:30.082+0000 [id=138]	INFO	h.m.UpdateCenter$UpdateCenterConfiguration#download: Downloading workflow-durable-task-step
2026-02-19 06:18:32.157+0000 [id=138]	INFO	h.model.UpdateCenter$DownloadJob#run: Installation successful: workflow-durable-task-step
2026-02-19 06:18:32.157+0000 [id=138]	INFO	h.model.UpdateCenter$DownloadJob#run: Starting the installation of pipeline-build-step on behalf of admin
2026-02-19 06:18:32.158+0000 [id=138]	INFO	h.m.UpdateCenter$UpdateCenterConfiguration#download: Downloading pipeline-build-step
2026-02-19 06:18:33.935+0000 [id=138]	INFO	h.model.UpdateCenter$DownloadJob#run: Installation successful: pipeline-build-step
2026-02-19 06:18:33.935+0000 [id=138]	INFO	h.model.UpdateCenter$DownloadJob#run: Starting the installation of workflow-scm-step on behalf of admin
2026-02-19 06:18:33.936+0000 [id=138]	INFO	h.m.UpdateCenter$UpdateCenterConfiguration#download: Downloading workflow-scm-step
2026-02-19 06:18:36.048+0000 [id=138]	INFO	h.model.UpdateCenter$DownloadJob#run: Installation successful: workflow-scm-step
2026-02-19 06:18:36.048+0000 [id=138]	INFO	h.model.UpdateCenter$DownloadJob#run: Starting the installation of workflow-cps on behalf of admin
2026-02-19 06:18:36.049+0000 [id=138]	INFO	h.m.UpdateCenter$UpdateCenterConfiguration#download: Downloading workflow-cps
2026-02-19 06:18:40.641+0000 [id=138]	INFO	h.model.UpdateCenter$DownloadJob#run: Installation successful: workflow-cps
2026-02-19 06:18:40.641+0000 [id=138]	INFO	h.model.UpdateCenter$DownloadJob#run: Starting the installation of pipeline-groovy-lib on behalf of admin
2026-02-19 06:18:40.642+0000 [id=138]	INFO	h.m.UpdateCenter$UpdateCenterConfiguration#download: Downloading pipeline-groovy-lib
2026-02-19 06:18:46.943+0000 [id=138]	INFO	h.model.UpdateCenter$DownloadJob#run: Installation successful: pipeline-groovy-lib
2026-02-19 06:18:46.943+0000 [id=138]	INFO	h.model.UpdateCenter$DownloadJob#run: Starting the installation of joda-time-api on behalf of admin
2026-02-19 06:18:46.944+0000 [id=138]	INFO	h.m.UpdateCenter$UpdateCenterConfiguration#download: Downloading joda-time-api
2026-02-19 06:18:50.434+0000 [id=138]	INFO	h.model.UpdateCenter$DownloadJob#run: Installation successful: joda-time-api
2026-02-19 06:18:50.434+0000 [id=138]	INFO	h.model.UpdateCenter$DownloadJob#run: Starting the installation of pipeline-model-api on behalf of admin
2026-02-19 06:18:50.435+0000 [id=138]	INFO	h.m.UpdateCenter$UpdateCenterConfiguration#download: Downloading pipeline-model-api
2026-02-19 06:18:59.981+0000 [id=138]	INFO	h.model.UpdateCenter$DownloadJob#run: Installation successful: pipeline-model-api
2026-02-19 06:18:59.981+0000 [id=138]	INFO	h.model.UpdateCenter$DownloadJob#run: Starting the installation of pipeline-stage-step on behalf of admin
2026-02-19 06:18:59.981+0000 [id=138]	INFO	h.m.UpdateCenter$UpdateCenterConfiguration#download: Downloading pipeline-stage-step
2026-02-19 06:19:01.594+0000 [id=138]	INFO	h.model.UpdateCenter$DownloadJob#run: Installation successful: pipeline-stage-step
2026-02-19 06:19:01.594+0000 [id=138]	INFO	h.model.UpdateCenter$DownloadJob#run: Starting the installation of pipeline-model-extensions on behalf of admin
2026-02-19 06:19:01.595+0000 [id=138]	INFO	h.m.UpdateCenter$UpdateCenterConfiguration#download: Downloading pipeline-model-extensions
2026-02-19 06:19:03.661+0000 [id=138]	INFO	h.model.UpdateCenter$DownloadJob#run: Installation successful: pipeline-model-extensions
2026-02-19 06:19:03.661+0000 [id=138]	INFO	h.model.UpdateCenter$DownloadJob#run: Starting the installation of jakarta-mail-api on behalf of admin
2026-02-19 06:19:03.699+0000 [id=138]	INFO	h.model.UpdateCenter$DownloadJob#run: Installation successful: jakarta-mail-api
2026-02-19 06:19:03.700+0000 [id=138]	INFO	h.model.UpdateCenter$DownloadJob#run: Starting the installation of instance-identity on behalf of admin
2026-02-19 06:19:03.726+0000 [id=138]	INFO	h.model.UpdateCenter$DownloadJob#run: Installation successful: instance-identity
2026-02-19 06:19:03.726+0000 [id=138]	INFO	h.model.UpdateCenter$DownloadJob#run: Starting the installation of mailer on behalf of admin
2026-02-19 06:19:03.728+0000 [id=138]	INFO	h.m.UpdateCenter$UpdateCenterConfiguration#download: Downloading mailer
2026-02-19 06:19:05.866+0000 [id=138]	INFO	h.model.UpdateCenter$DownloadJob#run: Installation successful: mailer
2026-02-19 06:19:05.866+0000 [id=138]	INFO	h.model.UpdateCenter$DownloadJob#run: Starting the installation of branch-api on behalf of admin
2026-02-19 06:19:05.866+0000 [id=138]	INFO	h.m.UpdateCenter$UpdateCenterConfiguration#download: Downloading branch-api
2026-02-19 06:19:08.592+0000 [id=138]	INFO	h.model.UpdateCenter$DownloadJob#run: Installation successful: branch-api
2026-02-19 06:19:08.592+0000 [id=138]	INFO	h.model.UpdateCenter$DownloadJob#run: Starting the installation of workflow-multibranch on behalf of admin
2026-02-19 06:19:08.593+0000 [id=138]	INFO	h.m.UpdateCenter$UpdateCenterConfiguration#download: Downloading workflow-multibranch
2026-02-19 06:19:10.501+0000 [id=138]	INFO	h.model.UpdateCenter$DownloadJob#run: Installation successful: workflow-multibranch
2026-02-19 06:19:10.501+0000 [id=138]	INFO	h.model.UpdateCenter$DownloadJob#run: Starting the installation of pipeline-stage-tags-metadata on behalf of admin
2026-02-19 06:19:10.502+0000 [id=138]	INFO	h.m.UpdateCenter$UpdateCenterConfiguration#download: Downloading pipeline-stage-tags-metadata
2026-02-19 06:19:13.015+0000 [id=138]	INFO	h.model.UpdateCenter$DownloadJob#run: Installation successful: pipeline-stage-tags-metadata
2026-02-19 06:19:13.015+0000 [id=138]	INFO	h.model.UpdateCenter$DownloadJob#run: Starting the installation of pipeline-input-step on behalf of admin
2026-02-19 06:19:13.016+0000 [id=138]	INFO	h.m.UpdateCenter$UpdateCenterConfiguration#download: Downloading pipeline-input-step
2026-02-19 06:19:14.657+0000 [id=138]	INFO	h.model.UpdateCenter$DownloadJob#run: Installation successful: pipeline-input-step
2026-02-19 06:19:14.657+0000 [id=138]	INFO	h.model.UpdateCenter$DownloadJob#run: Starting the installation of workflow-basic-steps on behalf of admin
2026-02-19 06:19:14.657+0000 [id=138]	INFO	h.m.UpdateCenter$UpdateCenterConfiguration#download: Downloading workflow-basic-steps
2026-02-19 06:19:17.494+0000 [id=138]	INFO	h.model.UpdateCenter$DownloadJob#run: Installation successful: workflow-basic-steps
2026-02-19 06:19:17.494+0000 [id=138]	INFO	h.model.UpdateCenter$DownloadJob#run: Starting the installation of pipeline-model-definition on behalf of admin
2026-02-19 06:19:17.494+0000 [id=138]	INFO	h.m.UpdateCenter$UpdateCenterConfiguration#download: Downloading pipeline-model-definition
2026-02-19 06:19:22.389+0000 [id=138]	INFO	h.model.UpdateCenter$DownloadJob#run: Installation successful: pipeline-model-definition
2026-02-19 06:19:22.390+0000 [id=138]	INFO	h.model.UpdateCenter$DownloadJob#run: Starting the installation of workflow-aggregator on behalf of admin
2026-02-19 06:19:22.390+0000 [id=138]	INFO	h.m.UpdateCenter$UpdateCenterConfiguration#download: Downloading workflow-aggregator
2026-02-19 06:19:24.896+0000 [id=138]	INFO	h.model.UpdateCenter$DownloadJob#run: Installation successful: workflow-aggregator
2026-02-19 06:19:24.896+0000 [id=138]	INFO	h.model.UpdateCenter$DownloadJob#run: Starting the installation of jjwt-api on behalf of admin
2026-02-19 06:19:24.897+0000 [id=138]	INFO	h.m.UpdateCenter$UpdateCenterConfiguration#download: Downloading jjwt-api
2026-02-19 06:19:27.010+0000 [id=138]	INFO	h.model.UpdateCenter$DownloadJob#run: Installation successful: jjwt-api
2026-02-19 06:19:27.011+0000 [id=138]	INFO	h.model.UpdateCenter$DownloadJob#run: Starting the installation of github-api on behalf of admin
2026-02-19 06:19:27.011+0000 [id=138]	INFO	h.m.UpdateCenter$UpdateCenterConfiguration#download: Downloading github-api
2026-02-19 06:19:32.091+0000 [id=138]	INFO	h.model.UpdateCenter$DownloadJob#run: Installation successful: github-api
2026-02-19 06:19:32.091+0000 [id=138]	INFO	h.model.UpdateCenter$DownloadJob#run: Starting the installation of mina-sshd-api-common on behalf of admin
2026-02-19 06:19:32.124+0000 [id=138]	INFO	h.model.UpdateCenter$DownloadJob#run: Installation successful: mina-sshd-api-common
2026-02-19 06:19:32.125+0000 [id=138]	INFO	h.model.UpdateCenter$DownloadJob#run: Starting the installation of mina-sshd-api-core on behalf of admin
2026-02-19 06:19:32.195+0000 [id=138]	INFO	h.model.UpdateCenter$DownloadJob#run: Installation successful: mina-sshd-api-core
2026-02-19 06:19:32.196+0000 [id=138]	INFO	h.model.UpdateCenter$DownloadJob#run: Starting the installation of gson-api on behalf of admin
2026-02-19 06:19:32.231+0000 [id=138]	INFO	h.model.UpdateCenter$DownloadJob#run: Installation successful: gson-api
2026-02-19 06:19:32.231+0000 [id=138]	INFO	h.model.UpdateCenter$DownloadJob#run: Starting the installation of git-client on behalf of admin
2026-02-19 06:19:32.232+0000 [id=138]	INFO	h.m.UpdateCenter$UpdateCenterConfiguration#download: Downloading git-client
2026-02-19 06:19:48.291+0000 [id=138]	INFO	h.model.UpdateCenter$DownloadJob#run: Installation successful: git-client
2026-02-19 06:19:48.292+0000 [id=138]	INFO	h.model.UpdateCenter$DownloadJob#run: Starting the installation of git on behalf of admin
2026-02-19 06:19:48.292+0000 [id=138]	INFO	h.m.UpdateCenter$UpdateCenterConfiguration#download: Downloading git
2026-02-19 06:19:52.030+0000 [id=138]	INFO	h.model.UpdateCenter$DownloadJob#run: Installation successful: git
2026-02-19 06:19:52.030+0000 [id=138]	INFO	h.model.UpdateCenter$DownloadJob#run: Starting the installation of github on behalf of admin
2026-02-19 06:19:52.031+0000 [id=138]	INFO	h.m.UpdateCenter$UpdateCenterConfiguration#download: Downloading github
2026-02-19 06:19:54.416+0000 [id=138]	INFO	h.model.UpdateCenter$DownloadJob#run: Installation successful: github
2026-02-19 06:19:54.416+0000 [id=138]	INFO	h.model.UpdateCenter$DownloadJob#run: Starting the installation of github-branch-source on behalf of admin
2026-02-19 06:19:54.417+0000 [id=138]	INFO	h.m.UpdateCenter$UpdateCenterConfiguration#download: Downloading github-branch-source
2026-02-19 06:19:57.237+0000 [id=138]	INFO	h.model.UpdateCenter$DownloadJob#run: Installation successful: github-branch-source
2026-02-19 06:19:57.237+0000 [id=138]	INFO	h.model.UpdateCenter$DownloadJob#run: Starting the installation of pipeline-github-lib on behalf of admin
2026-02-19 06:19:57.238+0000 [id=138]	INFO	h.m.UpdateCenter$UpdateCenterConfiguration#download: Downloading pipeline-github-lib
2026-02-19 06:19:58.808+0000 [id=138]	INFO	h.model.UpdateCenter$DownloadJob#run: Installation successful: pipeline-github-lib
2026-02-19 06:19:58.808+0000 [id=138]	INFO	h.model.UpdateCenter$DownloadJob#run: Starting the installation of metrics on behalf of admin
2026-02-19 06:19:58.808+0000 [id=138]	INFO	h.m.UpdateCenter$UpdateCenterConfiguration#download: Downloading metrics
2026-02-19 06:20:02.246+0000 [id=138]	INFO	h.model.UpdateCenter$DownloadJob#run: Installation successful: metrics
2026-02-19 06:20:02.246+0000 [id=138]	INFO	h.model.UpdateCenter$DownloadJob#run: Starting the installation of pipeline-graph-view on behalf of admin
2026-02-19 06:20:02.247+0000 [id=138]	INFO	h.m.UpdateCenter$UpdateCenterConfiguration#download: Downloading pipeline-graph-view
2026-02-19 06:20:07.201+0000 [id=138]	INFO	h.model.UpdateCenter$DownloadJob#run: Installation successful: pipeline-graph-view
2026-02-19 06:20:07.201+0000 [id=138]	INFO	h.model.UpdateCenter$DownloadJob#run: Starting the installation of git on behalf of admin
2026-02-19 06:20:07.201+0000 [id=138]	INFO	h.m.UpdateCenter$InstallationJob#_run: Skipping duplicate install of: Git@5.10.0
2026-02-19 06:20:07.201+0000 [id=138]	INFO	h.model.UpdateCenter$DownloadJob#run: Installation successful: git
2026-02-19 06:20:07.201+0000 [id=138]	INFO	h.model.UpdateCenter$DownloadJob#run: Starting the installation of eddsa-api on behalf of admin
2026-02-19 06:20:07.203+0000 [id=138]	INFO	h.m.UpdateCenter$UpdateCenterConfiguration#download: Downloading eddsa-api
2026-02-19 06:20:10.864+0000 [id=138]	INFO	h.model.UpdateCenter$DownloadJob#run: Installation successful: eddsa-api
2026-02-19 06:20:10.865+0000 [id=138]	INFO	h.model.UpdateCenter$DownloadJob#run: Starting the installation of trilead-api on behalf of admin
2026-02-19 06:20:10.877+0000 [id=138]	INFO	h.m.UpdateCenter$UpdateCenterConfiguration#download: Downloading trilead-api
2026-02-19 06:20:22.030+0000 [id=138]	INFO	h.model.UpdateCenter$DownloadJob#run: Installation successful: trilead-api
2026-02-19 06:20:22.031+0000 [id=138]	INFO	h.model.UpdateCenter$DownloadJob#run: Starting the installation of ssh-slaves on behalf of admin
2026-02-19 06:20:22.031+0000 [id=138]	INFO	h.m.UpdateCenter$UpdateCenterConfiguration#download: Downloading ssh-slaves
2026-02-19 06:20:25.037+0000 [id=138]	INFO	h.model.UpdateCenter$DownloadJob#run: Installation successful: ssh-slaves
2026-02-19 06:20:25.038+0000 [id=138]	INFO	h.model.UpdateCenter$DownloadJob#run: Starting the installation of matrix-auth on behalf of admin
2026-02-19 06:20:25.056+0000 [id=138]	INFO	h.model.UpdateCenter$DownloadJob#run: Installation successful: matrix-auth
2026-02-19 06:20:25.056+0000 [id=138]	INFO	h.model.UpdateCenter$DownloadJob#run: Starting the installation of ldap on behalf of admin
2026-02-19 06:20:25.056+0000 [id=138]	INFO	h.m.UpdateCenter$UpdateCenterConfiguration#download: Downloading ldap
2026-02-19 06:20:43.071+0000 [id=138]	INFO	h.model.UpdateCenter$DownloadJob#run: Installation successful: ldap
2026-02-19 06:20:43.071+0000 [id=138]	INFO	h.model.UpdateCenter$DownloadJob#run: Starting the installation of jsoup on behalf of admin
2026-02-19 06:20:43.072+0000 [id=138]	INFO	h.m.UpdateCenter$UpdateCenterConfiguration#download: Downloading jsoup
2026-02-19 06:20:48.768+0000 [id=138]	INFO	h.model.UpdateCenter$DownloadJob#run: Installation successful: jsoup
2026-02-19 06:20:48.768+0000 [id=138]	INFO	h.model.UpdateCenter$DownloadJob#run: Starting the installation of email-ext on behalf of admin
2026-02-19 06:20:48.768+0000 [id=138]	INFO	h.m.UpdateCenter$UpdateCenterConfiguration#download: Downloading email-ext
2026-02-19 06:20:52.806+0000 [id=138]	INFO	h.model.UpdateCenter$DownloadJob#run: Installation successful: email-ext
2026-02-19 06:20:52.807+0000 [id=138]	INFO	h.model.UpdateCenter$DownloadJob#run: Starting the installation of mailer on behalf of admin
2026-02-19 06:20:52.807+0000 [id=138]	INFO	h.m.UpdateCenter$InstallationJob#_run: Skipping duplicate install of: Mailer@525.v2458b_d8a_1a_71
2026-02-19 06:20:52.807+0000 [id=138]	INFO	h.model.UpdateCenter$DownloadJob#run: Installation successful: mailer
2026-02-19 06:20:52.807+0000 [id=138]	INFO	h.model.UpdateCenter$DownloadJob#run: Starting the installation of theme-manager on behalf of admin
2026-02-19 06:20:52.807+0000 [id=138]	INFO	h.m.UpdateCenter$UpdateCenterConfiguration#download: Downloading theme-manager
2026-02-19 06:20:55.558+0000 [id=138]	INFO	h.model.UpdateCenter$DownloadJob#run: Installation successful: theme-manager
2026-02-19 06:20:55.558+0000 [id=138]	INFO	h.model.UpdateCenter$DownloadJob#run: Starting the installation of dark-theme on behalf of admin
2026-02-19 06:20:55.558+0000 [id=138]	INFO	h.m.UpdateCenter$UpdateCenterConfiguration#download: Downloading dark-theme
2026-02-19 06:20:57.246+0000 [id=138]	INFO	h.model.UpdateCenter$DownloadJob#run: Installation successful: dark-theme
2026-02-19 06:20:57.246+0000 [id=138]	INFO	h.m.UpdateCenter$CompleteBatchJob#run: Completing installing of plugin batch…
2026-02-19 06:20:59.484+0000 [id=138]	INFO	h.p.b.g.GlobalTimeOutConfiguration#load: global timeout not set
2026-02-19 06:21:01.575+0000 [id=138]	INFO	h.m.DownloadService$Downloadable#load: Obtained the updated data file for hudson.tasks.Ant.AntInstaller
2026-02-19 06:21:04.811+0000 [id=138]	INFO	h.m.DownloadService$Downloadable#load: Obtained the updated data file for hudson.plugins.gradle.GradleInstaller
2026-02-19 06:21:05.447+0000 [id=314]	INFO	jenkins.InitReactorRunner$1#onAttained: Started initialization
2026-02-19 06:21:05.450+0000 [id=327]	INFO	jenkins.InitReactorRunner$1#onAttained: Listed all plugins
2026-02-19 06:21:05.451+0000 [id=333]	INFO	jenkins.InitReactorRunner$1#onAttained: Prepared all plugins
2026-02-19 06:21:05.469+0000 [id=337]	INFO	jenkins.InitReactorRunner$1#onAttained: Started all plugins
2026-02-19 06:21:05.470+0000 [id=337]	INFO	jenkins.InitReactorRunner$1#onAttained: Augmented all extensions
2026-02-19 06:21:05.473+0000 [id=319]	INFO	jenkins.InitReactorRunner$1#onAttained: System config loaded
2026-02-19 06:21:05.474+0000 [id=319]	INFO	jenkins.InitReactorRunner$1#onAttained: System config adapted
2026-02-19 06:21:05.504+0000 [id=325]	INFO	jenkins.InitReactorRunner$1#onAttained: Loaded all jobs
2026-02-19 06:21:05.505+0000 [id=327]	INFO	jenkins.InitReactorRunner$1#onAttained: Configuration for all jobs updated
2026-02-19 06:21:05.792+0000 [id=322]	INFO	jenkins.InitReactorRunner$1#onAttained: Completed initialization
2026-02-19 06:21:05.793+0000 [id=138]	INFO	h.m.UpdateCenter$CompleteBatchJob#run: Completed installation of 89 plugins in 4 min 40 sec
2026-02-19 06:37:15.350+0000 [id=414]	WARNING	o.j.p.w.f.FlowExecutionList$DefaultStorage#unregister: MyPipeline#1 was not in the list to begin with: []
2026-02-19 06:37:16.640+0000 [id=419]	WARNING	o.j.p.w.f.FlowExecutionList$DefaultStorage#unregister: MyPipeline#2 was not in the list to begin with: []
